<?xml version="1.0" encoding="UTF-8"?>
<testsuite xmlns:xsi="http://www.w3.org/2001/XMLSchema-instance" xsi:noNamespaceSchemaLocation="https://maven.apache.org/surefire/maven-surefire-plugin/xsd/surefire-test-report-3.0.xsd" version="3.0" name="com.querydsl.hibernate.search.SearchSerializerTest" time="3.202" tests="1" errors="0" skipped="0" failures="0">
  <properties>
    <property name="awt.toolkit" value="sun.awt.X11.XToolkit"/>
    <property name="file.encoding.pkg" value="sun.io"/>
    <property name="java.specification.version" value="1.8"/>
    <property name="sun.cpu.isalist" value=""/>
    <property name="sun.jnu.encoding" value="ANSI_X3.4-1968"/>
    <property name="java.class.path" value="/root/java-flaky/repos/querydsl/querydsl-hibernate-search/target/test-classes:/root/java-flaky/repos/querydsl/querydsl-hibernate-search/target/classes:/root/.m2/repository/com/querydsl/querydsl-lucene3/4.2.1/querydsl-lucene3-4.2.1.jar:/root/.m2/repository/com/querydsl/querydsl-core/4.2.1/querydsl-core-4.2.1.jar:/root/.m2/repository/org/slf4j/slf4j-api/1.6.1/slf4j-api-1.6.1.jar:/root/.m2/repository/com/querydsl/querydsl-apt/4.2.1/querydsl-apt-4.2.1.jar:/root/.m2/repository/com/querydsl/querydsl-codegen/4.2.1/querydsl-codegen-4.2.1.jar:/root/.m2/repository/com/mysema/codegen/codegen/0.6.8/codegen-0.6.8.jar:/root/.m2/repository/org/eclipse/jdt/core/compiler/ecj/4.3.1/ecj-4.3.1.jar:/root/.m2/repository/javax/inject/javax.inject/1/javax.inject-1.jar:/root/.m2/repository/org/hibernate/hibernate-core/4.1.7.Final/hibernate-core-4.1.7.Final.jar:/root/.m2/repository/antlr/antlr/2.7.7/antlr-2.7.7.jar:/root/.m2/repository/org/jboss/logging/jboss-logging/3.1.0.GA/jboss-logging-3.1.0.GA.jar:/root/.m2/repository/org/jboss/spec/javax/transaction/jboss-transaction-api_1.1_spec/1.0.0.Final/jboss-transaction-api_1.1_spec-1.0.0.Final.jar:/root/.m2/repository/dom4j/dom4j/1.6.1/dom4j-1.6.1.jar:/root/.m2/repository/org/javassist/javassist/3.15.0-GA/javassist-3.15.0-GA.jar:/root/.m2/repository/org/hibernate/common/hibernate-commons-annotations/4.0.1.Final/hibernate-commons-annotations-4.0.1.Final.jar:/root/.m2/repository/org/hibernate/hibernate-validator/4.3.0.Final/hibernate-validator-4.3.0.Final.jar:/root/.m2/repository/javax/validation/validation-api/1.0.0.GA/validation-api-1.0.0.GA.jar:/root/.m2/repository/org/hibernate/javax/persistence/hibernate-jpa-2.0-api/1.0.0.Final/hibernate-jpa-2.0-api-1.0.0.Final.jar:/root/.m2/repository/org/apache/lucene/lucene-core/3.6.2/lucene-core-3.6.2.jar:/root/.m2/repository/org/hibernate/hibernate-search/4.2.0.Final/hibernate-search-4.2.0.Final.jar:/root/.m2/repository/org/hibernate/hibernate-search-orm/4.2.0.Final/hibernate-search-orm-4.2.0.Final.jar:/root/.m2/repository/org/hibernate/hibernate-search-engine/4.2.0.Final/hibernate-search-engine-4.2.0.Final.jar:/root/.m2/repository/org/apache/avro/avro/1.6.3/avro-1.6.3.jar:/root/.m2/repository/org/codehaus/jackson/jackson-core-asl/1.8.8/jackson-core-asl-1.8.8.jar:/root/.m2/repository/org/codehaus/jackson/jackson-mapper-asl/1.8.8/jackson-mapper-asl-1.8.8.jar:/root/.m2/repository/com/thoughtworks/paranamer/paranamer/2.3/paranamer-2.3.jar:/root/.m2/repository/org/xerial/snappy/snappy-java/1.0.4.1/snappy-java-1.0.4.1.jar:/root/.m2/repository/org/apache/lucene/lucene-facet/3.6.2/lucene-facet-3.6.2.jar:/root/.m2/repository/org/hibernate/hibernate-search-analyzers/4.2.0.Final/hibernate-search-analyzers-4.2.0.Final.jar:/root/.m2/repository/org/apache/lucene/lucene-analyzers/3.6.2/lucene-analyzers-3.6.2.jar:/root/.m2/repository/org/apache/solr/solr-analysis-extras/3.6.2/solr-analysis-extras-3.6.2.jar:/root/.m2/repository/org/apache/solr/solr-core/3.6.2/solr-core-3.6.2.jar:/root/.m2/repository/org/apache/solr/solr-solrj/3.6.2/solr-solrj-3.6.2.jar:/root/.m2/repository/org/apache/lucene/lucene-highlighter/3.6.2/lucene-highlighter-3.6.2.jar:/root/.m2/repository/org/apache/lucene/lucene-kuromoji/3.6.2/lucene-kuromoji-3.6.2.jar:/root/.m2/repository/org/apache/lucene/lucene-memory/3.6.2/lucene-memory-3.6.2.jar:/root/.m2/repository/org/apache/lucene/lucene-misc/3.6.2/lucene-misc-3.6.2.jar:/root/.m2/repository/org/apache/lucene/lucene-phonetic/3.6.2/lucene-phonetic-3.6.2.jar:/root/.m2/repository/org/apache/lucene/lucene-spatial/3.6.2/lucene-spatial-3.6.2.jar:/root/.m2/repository/org/apache/lucene/lucene-spellchecker/3.6.2/lucene-spellchecker-3.6.2.jar:/root/.m2/repository/org/apache/lucene/lucene-grouping/3.6.2/lucene-grouping-3.6.2.jar:/root/.m2/repository/commons-codec/commons-codec/1.6/commons-codec-1.6.jar:/root/.m2/repository/commons-io/commons-io/2.1/commons-io-2.1.jar:/root/.m2/repository/commons-lang/commons-lang/2.6/commons-lang-2.6.jar:/root/.m2/repository/org/apache/lucene/lucene-smartcn/3.6.2/lucene-smartcn-3.6.2.jar:/root/.m2/repository/org/apache/lucene/lucene-stempel/3.6.2/lucene-stempel-3.6.2.jar:/root/.m2/repository/javassist/javassist/3.6.0.GA/javassist-3.6.0.GA.jar:/root/.m2/repository/org/apache/derby/derby/10.11.1.1/derby-10.11.1.1.jar:/root/.m2/repository/com/querydsl/querydsl-core/4.2.1/querydsl-core-4.2.1-tests.jar:/root/.m2/repository/com/google/guava/guava/18.0/guava-18.0.jar:/root/.m2/repository/com/google/code/findbugs/jsr305/1.3.9/jsr305-1.3.9.jar:/root/.m2/repository/com/mysema/commons/mysema-commons-lang/0.2.4/mysema-commons-lang-0.2.4.jar:/root/.m2/repository/com/infradna/tool/bridge-method-annotation/1.13/bridge-method-annotation-1.13.jar:/root/.m2/repository/junit/junit/4.12/junit-4.12.jar:/root/.m2/repository/org/hamcrest/hamcrest-core/1.3/hamcrest-core-1.3.jar:/root/.m2/repository/org/hamcrest/hamcrest-library/1.3/hamcrest-library-1.3.jar:/root/.m2/repository/org/easymock/easymock/3.0/easymock-3.0.jar:/root/.m2/repository/org/objenesis/objenesis/1.2/objenesis-1.2.jar:/root/.m2/repository/org/reflections/reflections/0.9.9/reflections-0.9.9.jar:/root/.m2/repository/com/google/code/findbugs/annotations/2.0.1/annotations-2.0.1.jar:/root/.m2/repository/org/codehaus/mojo/animal-sniffer-annotations/1.14/animal-sniffer-annotations-1.14.jar:"/>
    <property name="java.vm.vendor" value="Private Build"/>
    <property name="sun.arch.data.model" value="64"/>
    <property name="java.vendor.url" value="http://java.oracle.com/"/>
    <property name="user.timezone" value="US/Central"/>
    <property name="java.vm.specification.version" value="1.8"/>
    <property name="os.name" value="Linux"/>
    <property name="user.country" value="US"/>
    <property name="sun.java.launcher" value="SUN_STANDARD"/>
    <property name="sun.boot.library.path" value="/usr/lib/jvm/java-8-openjdk-amd64/jre/lib/amd64"/>
    <property name="sun.java.command" value="/root/java-flaky/repos/querydsl/querydsl-hibernate-search/target/surefire/surefirebooter4104150135936183756.jar /root/java-flaky/repos/querydsl/querydsl-hibernate-search/target/surefire 2022-02-06T12-50-28_056-jvmRun1 surefire12646285327508584tmp surefire_03621704943168010244tmp"/>
    <property name="surefire.test.class.path" value="/root/java-flaky/repos/querydsl/querydsl-hibernate-search/target/test-classes:/root/java-flaky/repos/querydsl/querydsl-hibernate-search/target/classes:/root/.m2/repository/com/querydsl/querydsl-lucene3/4.2.1/querydsl-lucene3-4.2.1.jar:/root/.m2/repository/com/querydsl/querydsl-core/4.2.1/querydsl-core-4.2.1.jar:/root/.m2/repository/org/slf4j/slf4j-api/1.6.1/slf4j-api-1.6.1.jar:/root/.m2/repository/com/querydsl/querydsl-apt/4.2.1/querydsl-apt-4.2.1.jar:/root/.m2/repository/com/querydsl/querydsl-codegen/4.2.1/querydsl-codegen-4.2.1.jar:/root/.m2/repository/com/mysema/codegen/codegen/0.6.8/codegen-0.6.8.jar:/root/.m2/repository/org/eclipse/jdt/core/compiler/ecj/4.3.1/ecj-4.3.1.jar:/root/.m2/repository/javax/inject/javax.inject/1/javax.inject-1.jar:/root/.m2/repository/org/hibernate/hibernate-core/4.1.7.Final/hibernate-core-4.1.7.Final.jar:/root/.m2/repository/antlr/antlr/2.7.7/antlr-2.7.7.jar:/root/.m2/repository/org/jboss/logging/jboss-logging/3.1.0.GA/jboss-logging-3.1.0.GA.jar:/root/.m2/repository/org/jboss/spec/javax/transaction/jboss-transaction-api_1.1_spec/1.0.0.Final/jboss-transaction-api_1.1_spec-1.0.0.Final.jar:/root/.m2/repository/dom4j/dom4j/1.6.1/dom4j-1.6.1.jar:/root/.m2/repository/org/javassist/javassist/3.15.0-GA/javassist-3.15.0-GA.jar:/root/.m2/repository/org/hibernate/common/hibernate-commons-annotations/4.0.1.Final/hibernate-commons-annotations-4.0.1.Final.jar:/root/.m2/repository/org/hibernate/hibernate-validator/4.3.0.Final/hibernate-validator-4.3.0.Final.jar:/root/.m2/repository/javax/validation/validation-api/1.0.0.GA/validation-api-1.0.0.GA.jar:/root/.m2/repository/org/hibernate/javax/persistence/hibernate-jpa-2.0-api/1.0.0.Final/hibernate-jpa-2.0-api-1.0.0.Final.jar:/root/.m2/repository/org/apache/lucene/lucene-core/3.6.2/lucene-core-3.6.2.jar:/root/.m2/repository/org/hibernate/hibernate-search/4.2.0.Final/hibernate-search-4.2.0.Final.jar:/root/.m2/repository/org/hibernate/hibernate-search-orm/4.2.0.Final/hibernate-search-orm-4.2.0.Final.jar:/root/.m2/repository/org/hibernate/hibernate-search-engine/4.2.0.Final/hibernate-search-engine-4.2.0.Final.jar:/root/.m2/repository/org/apache/avro/avro/1.6.3/avro-1.6.3.jar:/root/.m2/repository/org/codehaus/jackson/jackson-core-asl/1.8.8/jackson-core-asl-1.8.8.jar:/root/.m2/repository/org/codehaus/jackson/jackson-mapper-asl/1.8.8/jackson-mapper-asl-1.8.8.jar:/root/.m2/repository/com/thoughtworks/paranamer/paranamer/2.3/paranamer-2.3.jar:/root/.m2/repository/org/xerial/snappy/snappy-java/1.0.4.1/snappy-java-1.0.4.1.jar:/root/.m2/repository/org/apache/lucene/lucene-facet/3.6.2/lucene-facet-3.6.2.jar:/root/.m2/repository/org/hibernate/hibernate-search-analyzers/4.2.0.Final/hibernate-search-analyzers-4.2.0.Final.jar:/root/.m2/repository/org/apache/lucene/lucene-analyzers/3.6.2/lucene-analyzers-3.6.2.jar:/root/.m2/repository/org/apache/solr/solr-analysis-extras/3.6.2/solr-analysis-extras-3.6.2.jar:/root/.m2/repository/org/apache/solr/solr-core/3.6.2/solr-core-3.6.2.jar:/root/.m2/repository/org/apache/solr/solr-solrj/3.6.2/solr-solrj-3.6.2.jar:/root/.m2/repository/org/apache/lucene/lucene-highlighter/3.6.2/lucene-highlighter-3.6.2.jar:/root/.m2/repository/org/apache/lucene/lucene-kuromoji/3.6.2/lucene-kuromoji-3.6.2.jar:/root/.m2/repository/org/apache/lucene/lucene-memory/3.6.2/lucene-memory-3.6.2.jar:/root/.m2/repository/org/apache/lucene/lucene-misc/3.6.2/lucene-misc-3.6.2.jar:/root/.m2/repository/org/apache/lucene/lucene-phonetic/3.6.2/lucene-phonetic-3.6.2.jar:/root/.m2/repository/org/apache/lucene/lucene-spatial/3.6.2/lucene-spatial-3.6.2.jar:/root/.m2/repository/org/apache/lucene/lucene-spellchecker/3.6.2/lucene-spellchecker-3.6.2.jar:/root/.m2/repository/org/apache/lucene/lucene-grouping/3.6.2/lucene-grouping-3.6.2.jar:/root/.m2/repository/commons-codec/commons-codec/1.6/commons-codec-1.6.jar:/root/.m2/repository/commons-io/commons-io/2.1/commons-io-2.1.jar:/root/.m2/repository/commons-lang/commons-lang/2.6/commons-lang-2.6.jar:/root/.m2/repository/org/apache/lucene/lucene-smartcn/3.6.2/lucene-smartcn-3.6.2.jar:/root/.m2/repository/org/apache/lucene/lucene-stempel/3.6.2/lucene-stempel-3.6.2.jar:/root/.m2/repository/javassist/javassist/3.6.0.GA/javassist-3.6.0.GA.jar:/root/.m2/repository/org/apache/derby/derby/10.11.1.1/derby-10.11.1.1.jar:/root/.m2/repository/com/querydsl/querydsl-core/4.2.1/querydsl-core-4.2.1-tests.jar:/root/.m2/repository/com/google/guava/guava/18.0/guava-18.0.jar:/root/.m2/repository/com/google/code/findbugs/jsr305/1.3.9/jsr305-1.3.9.jar:/root/.m2/repository/com/mysema/commons/mysema-commons-lang/0.2.4/mysema-commons-lang-0.2.4.jar:/root/.m2/repository/com/infradna/tool/bridge-method-annotation/1.13/bridge-method-annotation-1.13.jar:/root/.m2/repository/junit/junit/4.12/junit-4.12.jar:/root/.m2/repository/org/hamcrest/hamcrest-core/1.3/hamcrest-core-1.3.jar:/root/.m2/repository/org/hamcrest/hamcrest-library/1.3/hamcrest-library-1.3.jar:/root/.m2/repository/org/easymock/easymock/3.0/easymock-3.0.jar:/root/.m2/repository/org/objenesis/objenesis/1.2/objenesis-1.2.jar:/root/.m2/repository/org/reflections/reflections/0.9.9/reflections-0.9.9.jar:/root/.m2/repository/com/google/code/findbugs/annotations/2.0.1/annotations-2.0.1.jar:/root/.m2/repository/org/codehaus/mojo/animal-sniffer-annotations/1.14/animal-sniffer-annotations-1.14.jar:"/>
    <property name="sun.cpu.endian" value="little"/>
    <property name="user.home" value="/root"/>
    <property name="user.language" value="en"/>
    <property name="java.specification.vendor" value="Oracle Corporation"/>
    <property name="java.home" value="/usr/lib/jvm/java-8-openjdk-amd64/jre"/>
    <property name="basedir" value="/root/java-flaky/repos/querydsl/querydsl-hibernate-search"/>
    <property name="file.separator" value="/"/>
    <property name="line.separator" value="&#10;"/>
    <property name="java.vm.specification.vendor" value="Oracle Corporation"/>
    <property name="java.specification.name" value="Java Platform API Specification"/>
    <property name="derby.stream.error.file" value="target/derby.log"/>
    <property name="java.awt.graphicsenv" value="sun.awt.X11GraphicsEnvironment"/>
    <property name="surefire.real.class.path" value="/root/java-flaky/repos/querydsl/querydsl-hibernate-search/target/surefire/surefirebooter4104150135936183756.jar"/>
    <property name="sun.boot.class.path" value="/usr/lib/jvm/java-8-openjdk-amd64/jre/lib/resources.jar:/usr/lib/jvm/java-8-openjdk-amd64/jre/lib/rt.jar:/usr/lib/jvm/java-8-openjdk-amd64/jre/lib/sunrsasign.jar:/usr/lib/jvm/java-8-openjdk-amd64/jre/lib/jsse.jar:/usr/lib/jvm/java-8-openjdk-amd64/jre/lib/jce.jar:/usr/lib/jvm/java-8-openjdk-amd64/jre/lib/charsets.jar:/usr/lib/jvm/java-8-openjdk-amd64/jre/lib/jfr.jar:/usr/lib/jvm/java-8-openjdk-amd64/jre/classes"/>
    <property name="sun.management.compiler" value="HotSpot 64-Bit Tiered Compilers"/>
    <property name="java.runtime.version" value="1.8.0_312-8u312-b07-0ubuntu1~20.04-b07"/>
    <property name="user.name" value="root"/>
    <property name="path.separator" value=":"/>
    <property name="os.version" value="4.4.0-210-generic"/>
    <property name="java.endorsed.dirs" value="/usr/lib/jvm/java-8-openjdk-amd64/jre/lib/endorsed"/>
    <property name="java.runtime.name" value="OpenJDK Runtime Environment"/>
    <property name="file.encoding" value="ANSI_X3.4-1968"/>
    <property name="java.vm.name" value="OpenJDK 64-Bit Server VM"/>
    <property name="localRepository" value="/root/.m2/repository"/>
    <property name="java.vendor.url.bug" value="http://bugreport.sun.com/bugreport/"/>
    <property name="java.io.tmpdir" value="/tmp"/>
    <property name="java.version" value="1.8.0_312"/>
    <property name="user.dir" value="/root/java-flaky/repos/querydsl/querydsl-hibernate-search"/>
    <property name="os.arch" value="amd64"/>
    <property name="java.vm.specification.name" value="Java Virtual Machine Specification"/>
    <property name="java.awt.printerjob" value="sun.print.PSPrinterJob"/>
    <property name="sun.os.patch.level" value="unknown"/>
    <property name="jboss.i18n.generate-proxies" value="true"/>
    <property name="java.library.path" value="/usr/java/packages/lib/amd64:/usr/lib/x86_64-linux-gnu/jni:/lib/x86_64-linux-gnu:/usr/lib/x86_64-linux-gnu:/usr/lib/jni:/lib:/usr/lib"/>
    <property name="java.vm.info" value="mixed mode"/>
    <property name="java.vendor" value="Private Build"/>
    <property name="java.vm.version" value="25.312-b07"/>
    <property name="java.ext.dirs" value="/usr/lib/jvm/java-8-openjdk-amd64/jre/lib/ext:/usr/java/packages/lib/ext"/>
    <property name="sun.io.unicode.encoding" value="UnicodeLittle"/>
    <property name="java.class.version" value="52.0"/>
  </properties>
  <testcase name="toField" classname="com.querydsl.hibernate.search.SearchSerializerTest" time="0.109"/>
</testsuite>